2020-05-12 09:14:32,501 INFO org.springframework.boot.StartupInfoLogger [main] Starting SchoolInfoApplication on LAPTOP-NOTJ1IF2 with PID 9204 (C:\Users\RASHMI\git\RestfulWebServices-SpringBootNew\SchoolInfo\target\classes started by RASHMI in C:\Users\RASHMI\git\RestfulWebServices-SpringBootNew\SchoolInfo)
2020-05-12 09:14:32,633 INFO org.springframework.boot.SpringApplication [main] No active profile set, falling back to default profiles: default
2020-05-12 09:14:37,133 INFO org.springframework.data.repository.config.RepositoryConfigurationDelegate [main] Bootstrapping Spring Data JPA repositories in DEFAULT mode.
2020-05-12 09:14:37,538 INFO org.springframework.data.repository.config.RepositoryConfigurationDelegate [main] Finished Spring Data repository scanning in 365ms. Found 4 JPA repository interfaces.
2020-05-12 09:14:44,935 INFO org.springframework.boot.web.embedded.tomcat.TomcatWebServer [main] Tomcat initialized with port(s): 8080 (http)
2020-05-12 09:14:44,992 INFO org.apache.juli.logging.DirectJDKLog [main] Initializing ProtocolHandler ["http-nio-8080"]
2020-05-12 09:14:44,996 INFO org.apache.juli.logging.DirectJDKLog [main] Starting service [Tomcat]
2020-05-12 09:14:44,998 INFO org.apache.juli.logging.DirectJDKLog [main] Starting Servlet engine: [Apache Tomcat/9.0.33]
2020-05-12 09:14:45,515 INFO org.apache.juli.logging.DirectJDKLog [main] Initializing Spring embedded WebApplicationContext
2020-05-12 09:14:45,518 INFO org.springframework.boot.web.servlet.context.ServletWebServerApplicationContext [main] Root WebApplicationContext: initialization completed in 12637 ms
2020-05-12 09:14:46,995 INFO org.hibernate.jpa.internal.util.LogHelper [main] HHH000204: Processing PersistenceUnitInfo [name: default]
2020-05-12 09:14:47,435 INFO org.hibernate.Version [main] HHH000412: Hibernate ORM core version 5.4.12.Final
2020-05-12 09:14:48,013 INFO org.hibernate.annotations.common.reflection.java.JavaReflectionManager [main] HCANN000001: Hibernate Commons Annotations {5.1.0.Final}
2020-05-12 09:14:49,098 INFO com.zaxxer.hikari.HikariDataSource [main] HikariPool-1 - Starting...
2020-05-12 09:14:50,293 INFO com.zaxxer.hikari.HikariDataSource [main] HikariPool-1 - Start completed.
2020-05-12 09:14:50,379 INFO org.hibernate.dialect.Dialect [main] HHH000400: Using dialect: org.hibernate.dialect.MySQL57Dialect
2020-05-12 09:14:55,233 INFO org.hibernate.engine.transaction.jta.platform.internal.JtaPlatformInitiator [main] HHH000490: Using JtaPlatform implementation: [org.hibernate.engine.transaction.jta.platform.internal.NoJtaPlatform]
2020-05-12 09:14:55,259 INFO org.springframework.orm.jpa.AbstractEntityManagerFactoryBean [main] Initialized JPA EntityManagerFactory for persistence unit 'default'
2020-05-12 09:14:58,048 WARN org.springframework.boot.autoconfigure.orm.jpa.JpaBaseConfiguration$JpaWebConfiguration [main] spring.jpa.open-in-view is enabled by default. Therefore, database queries may be performed during view rendering. Explicitly configure spring.jpa.open-in-view to disable this warning
2020-05-12 09:15:02,350 INFO org.springframework.security.web.DefaultSecurityFilterChain [main] Creating filter chain: any request, [org.springframework.security.web.context.request.async.WebAsyncManagerIntegrationFilter@6e517c9e, org.springframework.security.web.context.SecurityContextPersistenceFilter@285bf5ac, org.springframework.security.web.header.HeaderWriterFilter@2c9cafa5, org.springframework.security.web.authentication.logout.LogoutFilter@210a26b, org.springframework.security.web.authentication.www.BasicAuthenticationFilter@4005e485, org.springframework.security.web.savedrequest.RequestCacheAwareFilter@7ab2ba47, org.springframework.security.web.servletapi.SecurityContextHolderAwareRequestFilter@1410d645, org.springframework.security.web.authentication.AnonymousAuthenticationFilter@770cae59, org.springframework.security.web.session.SessionManagementFilter@18989e0, org.springframework.security.web.access.ExceptionTranslationFilter@2bf3ec4, org.springframework.security.web.access.intercept.FilterSecurityInterceptor@1d637673]
2020-05-12 09:15:03,975 INFO org.springframework.scheduling.concurrent.ExecutorConfigurationSupport [main] Initializing ExecutorService 'applicationTaskExecutor'
2020-05-12 09:15:06,086 INFO org.apache.juli.logging.DirectJDKLog [main] Starting ProtocolHandler ["http-nio-8080"]
2020-05-12 09:15:06,656 INFO org.springframework.boot.web.embedded.tomcat.TomcatWebServer [main] Tomcat started on port(s): 8080 (http) with context path ''
2020-05-12 09:15:06,663 INFO org.springframework.boot.StartupInfoLogger [main] Started SchoolInfoApplication in 37.895 seconds (JVM running for 40.052)
2020-05-12 09:15:13,812 INFO org.apache.juli.logging.DirectJDKLog [http-nio-8080-exec-2] Initializing Spring DispatcherServlet 'dispatcherServlet'
2020-05-12 09:15:13,814 INFO org.springframework.web.servlet.FrameworkServlet [http-nio-8080-exec-2] Initializing Servlet 'dispatcherServlet'
2020-05-12 09:15:13,849 INFO org.springframework.web.servlet.FrameworkServlet [http-nio-8080-exec-2] Completed initialization in 34 ms
2020-05-12 09:15:15,357 TRACE com.district.schools.schoolController [http-nio-8080-exec-2] Get schools called
2020-05-12 09:15:15,958 TRACE com.district.schools.schoolService [http-nio-8080-exec-2] getAllSchools >> Fetching all schools
2020-05-12 09:15:16,299 TRACE com.district.schools.schoolService [http-nio-8080-exec-2] getAllSchools << 2schools fecthed
2020-05-12 09:19:33,853 INFO org.springframework.boot.StartupInfoLogger [main] Starting SchoolInfoApplication on LAPTOP-NOTJ1IF2 with PID 6396 (C:\Users\RASHMI\git\RestfulWebServices-SpringBootNew\SchoolInfo\target\classes started by RASHMI in C:\Users\RASHMI\git\RestfulWebServices-SpringBootNew\SchoolInfo)
2020-05-12 09:19:33,865 INFO org.springframework.boot.SpringApplication [main] No active profile set, falling back to default profiles: default
2020-05-12 09:19:36,926 INFO org.springframework.data.repository.config.RepositoryConfigurationDelegate [main] Bootstrapping Spring Data JPA repositories in DEFAULT mode.
2020-05-12 09:19:37,205 INFO org.springframework.data.repository.config.RepositoryConfigurationDelegate [main] Finished Spring Data repository scanning in 241ms. Found 4 JPA repository interfaces.
2020-05-12 09:19:40,339 INFO org.springframework.boot.web.embedded.tomcat.TomcatWebServer [main] Tomcat initialized with port(s): 8080 (http)
2020-05-12 09:19:40,367 INFO org.apache.juli.logging.DirectJDKLog [main] Initializing ProtocolHandler ["http-nio-8080"]
2020-05-12 09:19:40,370 INFO org.apache.juli.logging.DirectJDKLog [main] Starting service [Tomcat]
2020-05-12 09:19:40,371 INFO org.apache.juli.logging.DirectJDKLog [main] Starting Servlet engine: [Apache Tomcat/9.0.33]
2020-05-12 09:19:40,807 INFO org.apache.juli.logging.DirectJDKLog [main] Initializing Spring embedded WebApplicationContext
2020-05-12 09:19:40,808 INFO org.springframework.boot.web.servlet.context.ServletWebServerApplicationContext [main] Root WebApplicationContext: initialization completed in 6766 ms
2020-05-12 09:19:41,477 INFO org.hibernate.jpa.internal.util.LogHelper [main] HHH000204: Processing PersistenceUnitInfo [name: default]
2020-05-12 09:19:41,752 INFO org.hibernate.Version [main] HHH000412: Hibernate ORM core version 5.4.12.Final
2020-05-12 09:19:42,158 INFO org.hibernate.annotations.common.reflection.java.JavaReflectionManager [main] HCANN000001: Hibernate Commons Annotations {5.1.0.Final}
2020-05-12 09:19:42,530 INFO com.zaxxer.hikari.HikariDataSource [main] HikariPool-1 - Starting...
2020-05-12 09:19:43,008 INFO com.zaxxer.hikari.HikariDataSource [main] HikariPool-1 - Start completed.
2020-05-12 09:19:43,087 INFO org.hibernate.dialect.Dialect [main] HHH000400: Using dialect: org.hibernate.dialect.MySQL57Dialect
2020-05-12 09:19:47,267 INFO org.hibernate.engine.transaction.jta.platform.internal.JtaPlatformInitiator [main] HHH000490: Using JtaPlatform implementation: [org.hibernate.engine.transaction.jta.platform.internal.NoJtaPlatform]
2020-05-12 09:19:47,298 INFO org.springframework.orm.jpa.AbstractEntityManagerFactoryBean [main] Initialized JPA EntityManagerFactory for persistence unit 'default'
2020-05-12 09:19:48,410 INFO org.springframework.boot.StartupInfoLogger [main] Starting SchoolInfoApplication on LAPTOP-NOTJ1IF2 with PID 15336 (C:\Users\RASHMI\git\RestfulWebServices-SpringBootNew\SchoolInfo\target\classes started by RASHMI in C:\Users\RASHMI\git\RestfulWebServices-SpringBootNew\SchoolInfo)
2020-05-12 09:19:48,449 INFO org.springframework.boot.SpringApplication [main] No active profile set, falling back to default profiles: default
2020-05-12 09:19:50,632 WARN org.springframework.boot.autoconfigure.orm.jpa.JpaBaseConfiguration$JpaWebConfiguration [main] spring.jpa.open-in-view is enabled by default. Therefore, database queries may be performed during view rendering. Explicitly configure spring.jpa.open-in-view to disable this warning
2020-05-12 09:19:53,160 INFO org.springframework.security.web.DefaultSecurityFilterChain [main] Creating filter chain: any request, [org.springframework.security.web.context.request.async.WebAsyncManagerIntegrationFilter@502c087e, org.springframework.security.web.context.SecurityContextPersistenceFilter@329b331f, org.springframework.security.web.header.HeaderWriterFilter@37ffe4f3, org.springframework.security.web.authentication.logout.LogoutFilter@194911c1, org.springframework.security.web.authentication.www.BasicAuthenticationFilter@314f59b, org.springframework.security.web.savedrequest.RequestCacheAwareFilter@6335f04a, org.springframework.security.web.servletapi.SecurityContextHolderAwareRequestFilter@67fac095, org.springframework.security.web.authentication.AnonymousAuthenticationFilter@49986178, org.springframework.security.web.session.SessionManagementFilter@1a0d313, org.springframework.security.web.access.ExceptionTranslationFilter@7ab2ba47, org.springframework.security.web.access.intercept.FilterSecurityInterceptor@6ace919c]
2020-05-12 09:19:54,061 INFO org.springframework.data.repository.config.RepositoryConfigurationDelegate [main] Bootstrapping Spring Data JPA repositories in DEFAULT mode.
2020-05-12 09:19:54,139 INFO org.springframework.scheduling.concurrent.ExecutorConfigurationSupport [main] Initializing ExecutorService 'applicationTaskExecutor'
2020-05-12 09:19:54,516 INFO org.springframework.data.repository.config.RepositoryConfigurationDelegate [main] Finished Spring Data repository scanning in 364ms. Found 4 JPA repository interfaces.
2020-05-12 09:19:56,118 INFO org.apache.juli.logging.DirectJDKLog [main] Starting ProtocolHandler ["http-nio-8080"]
2020-05-12 09:19:56,226 INFO org.springframework.boot.web.embedded.tomcat.TomcatWebServer [main] Tomcat started on port(s): 8080 (http) with context path ''
2020-05-12 09:19:56,237 INFO org.springframework.boot.StartupInfoLogger [main] Started SchoolInfoApplication in 24.275 seconds (JVM running for 25.666)
2020-05-12 09:19:58,362 INFO org.springframework.boot.web.embedded.tomcat.TomcatWebServer [main] Tomcat initialized with port(s): 8080 (http)
2020-05-12 09:19:58,388 INFO org.apache.juli.logging.DirectJDKLog [main] Initializing ProtocolHandler ["http-nio-8080"]
2020-05-12 09:19:58,390 INFO org.apache.juli.logging.DirectJDKLog [main] Starting service [Tomcat]
2020-05-12 09:19:58,391 INFO org.apache.juli.logging.DirectJDKLog [main] Starting Servlet engine: [Apache Tomcat/9.0.33]
2020-05-12 09:19:58,732 INFO org.apache.juli.logging.DirectJDKLog [main] Initializing Spring embedded WebApplicationContext
2020-05-12 09:19:58,733 INFO org.springframework.boot.web.servlet.context.ServletWebServerApplicationContext [main] Root WebApplicationContext: initialization completed in 9747 ms
2020-05-12 09:19:59,505 INFO org.hibernate.jpa.internal.util.LogHelper [main] HHH000204: Processing PersistenceUnitInfo [name: default]
2020-05-12 09:19:59,769 INFO org.hibernate.Version [main] HHH000412: Hibernate ORM core version 5.4.12.Final
2020-05-12 09:20:00,380 INFO org.hibernate.annotations.common.reflection.java.JavaReflectionManager [main] HCANN000001: Hibernate Commons Annotations {5.1.0.Final}
2020-05-12 09:20:00,689 INFO com.zaxxer.hikari.HikariDataSource [main] HikariPool-1 - Starting...
2020-05-12 09:20:01,182 INFO com.zaxxer.hikari.HikariDataSource [main] HikariPool-1 - Start completed.
2020-05-12 09:20:01,274 INFO org.hibernate.dialect.Dialect [main] HHH000400: Using dialect: org.hibernate.dialect.MySQL57Dialect
2020-05-12 09:20:03,143 INFO org.hibernate.engine.transaction.jta.platform.internal.JtaPlatformInitiator [main] HHH000490: Using JtaPlatform implementation: [org.hibernate.engine.transaction.jta.platform.internal.NoJtaPlatform]
2020-05-12 09:20:03,170 INFO org.springframework.orm.jpa.AbstractEntityManagerFactoryBean [main] Initialized JPA EntityManagerFactory for persistence unit 'default'
2020-05-12 09:20:04,344 WARN org.springframework.boot.autoconfigure.orm.jpa.JpaBaseConfiguration$JpaWebConfiguration [main] spring.jpa.open-in-view is enabled by default. Therefore, database queries may be performed during view rendering. Explicitly configure spring.jpa.open-in-view to disable this warning
2020-05-12 09:20:05,097 INFO org.springframework.security.web.DefaultSecurityFilterChain [main] Creating filter chain: any request, [org.springframework.security.web.context.request.async.WebAsyncManagerIntegrationFilter@1a84a8b2, org.springframework.security.web.context.SecurityContextPersistenceFilter@15186ce0, org.springframework.security.web.header.HeaderWriterFilter@47c96f2c, org.springframework.security.web.authentication.logout.LogoutFilter@481ed95c, org.springframework.security.web.authentication.www.BasicAuthenticationFilter@148ab138, org.springframework.security.web.savedrequest.RequestCacheAwareFilter@75dd0f94, org.springframework.security.web.servletapi.SecurityContextHolderAwareRequestFilter@4b3ad7ca, org.springframework.security.web.authentication.AnonymousAuthenticationFilter@601d295, org.springframework.security.web.session.SessionManagementFilter@3316527e, org.springframework.security.web.access.ExceptionTranslationFilter@5dae5a70, org.springframework.security.web.access.intercept.FilterSecurityInterceptor@10bdfbcc]
2020-05-12 09:20:05,561 INFO org.springframework.scheduling.concurrent.ExecutorConfigurationSupport [main] Initializing ExecutorService 'applicationTaskExecutor'
2020-05-12 09:20:06,498 INFO org.apache.juli.logging.DirectJDKLog [main] Starting ProtocolHandler ["http-nio-8080"]
2020-05-12 09:20:06,523 INFO org.apache.juli.logging.DirectJDKLog [main] Pausing ProtocolHandler ["http-nio-8080"]
2020-05-12 09:20:06,525 INFO org.apache.juli.logging.DirectJDKLog [main] Stopping service [Tomcat]
2020-05-12 09:20:06,550 INFO org.apache.juli.logging.DirectJDKLog [main] Stopping ProtocolHandler ["http-nio-8080"]
2020-05-12 09:20:06,551 INFO org.apache.juli.logging.DirectJDKLog [main] Destroying ProtocolHandler ["http-nio-8080"]
2020-05-12 09:20:06,564 INFO org.springframework.boot.autoconfigure.logging.ConditionEvaluationReportLoggingListener [main] 

Error starting ApplicationContext. To display the conditions report re-run your application with 'debug' enabled.
2020-05-12 09:20:06,568 ERROR org.springframework.boot.diagnostics.LoggingFailureAnalysisReporter [main] 

***************************
APPLICATION FAILED TO START
***************************

Description:

Web server failed to start. Port 8080 was already in use.

Action:

Identify and stop the process that's listening on port 8080 or configure this application to listen on another port.

2020-05-12 09:20:06,576 INFO org.springframework.scheduling.concurrent.ExecutorConfigurationSupport [main] Shutting down ExecutorService 'applicationTaskExecutor'
2020-05-12 09:20:06,580 INFO org.springframework.orm.jpa.AbstractEntityManagerFactoryBean [main] Closing JPA EntityManagerFactory for persistence unit 'default'
2020-05-12 09:20:06,584 INFO com.zaxxer.hikari.HikariDataSource [main] HikariPool-1 - Shutdown initiated...
2020-05-12 09:20:06,680 INFO com.zaxxer.hikari.HikariDataSource [main] HikariPool-1 - Shutdown completed.
2020-05-12 09:20:30,876 INFO org.springframework.boot.StartupInfoLogger [main] Starting SchoolInfoApplication on LAPTOP-NOTJ1IF2 with PID 6720 (C:\Users\RASHMI\git\RestfulWebServices-SpringBootNew\SchoolInfo\target\classes started by RASHMI in C:\Users\RASHMI\git\RestfulWebServices-SpringBootNew\SchoolInfo)
2020-05-12 09:20:30,889 INFO org.springframework.boot.SpringApplication [main] No active profile set, falling back to default profiles: default
2020-05-12 09:20:33,813 INFO org.springframework.data.repository.config.RepositoryConfigurationDelegate [main] Bootstrapping Spring Data JPA repositories in DEFAULT mode.
2020-05-12 09:20:34,085 INFO org.springframework.data.repository.config.RepositoryConfigurationDelegate [main] Finished Spring Data repository scanning in 238ms. Found 4 JPA repository interfaces.
2020-05-12 09:20:37,030 INFO org.springframework.boot.web.embedded.tomcat.TomcatWebServer [main] Tomcat initialized with port(s): 8080 (http)
2020-05-12 09:20:37,078 INFO org.apache.juli.logging.DirectJDKLog [main] Initializing ProtocolHandler ["http-nio-8080"]
2020-05-12 09:20:37,081 INFO org.apache.juli.logging.DirectJDKLog [main] Starting service [Tomcat]
2020-05-12 09:20:37,082 INFO org.apache.juli.logging.DirectJDKLog [main] Starting Servlet engine: [Apache Tomcat/9.0.33]
2020-05-12 09:20:37,438 INFO org.apache.juli.logging.DirectJDKLog [main] Initializing Spring embedded WebApplicationContext
2020-05-12 09:20:37,440 INFO org.springframework.boot.web.servlet.context.ServletWebServerApplicationContext [main] Root WebApplicationContext: initialization completed in 6369 ms
2020-05-12 09:20:38,289 INFO org.hibernate.jpa.internal.util.LogHelper [main] HHH000204: Processing PersistenceUnitInfo [name: default]
2020-05-12 09:20:38,613 INFO org.hibernate.Version [main] HHH000412: Hibernate ORM core version 5.4.12.Final
2020-05-12 09:20:39,047 INFO org.hibernate.annotations.common.reflection.java.JavaReflectionManager [main] HCANN000001: Hibernate Commons Annotations {5.1.0.Final}
2020-05-12 09:20:39,422 INFO com.zaxxer.hikari.HikariDataSource [main] HikariPool-1 - Starting...
2020-05-12 09:20:39,886 INFO com.zaxxer.hikari.HikariDataSource [main] HikariPool-1 - Start completed.
2020-05-12 09:20:39,960 INFO org.hibernate.dialect.Dialect [main] HHH000400: Using dialect: org.hibernate.dialect.MySQL57Dialect
2020-05-12 09:20:42,331 INFO org.hibernate.engine.transaction.jta.platform.internal.JtaPlatformInitiator [main] HHH000490: Using JtaPlatform implementation: [org.hibernate.engine.transaction.jta.platform.internal.NoJtaPlatform]
2020-05-12 09:20:42,352 INFO org.springframework.orm.jpa.AbstractEntityManagerFactoryBean [main] Initialized JPA EntityManagerFactory for persistence unit 'default'
2020-05-12 09:20:43,485 WARN org.springframework.boot.autoconfigure.orm.jpa.JpaBaseConfiguration$JpaWebConfiguration [main] spring.jpa.open-in-view is enabled by default. Therefore, database queries may be performed during view rendering. Explicitly configure spring.jpa.open-in-view to disable this warning
2020-05-12 09:20:44,294 INFO org.springframework.security.web.DefaultSecurityFilterChain [main] Creating filter chain: any request, [org.springframework.security.web.context.request.async.WebAsyncManagerIntegrationFilter@455cbf18, org.springframework.security.web.context.SecurityContextPersistenceFilter@2bf3ec4, org.springframework.security.web.header.HeaderWriterFilter@71b0289b, org.springframework.security.web.authentication.logout.LogoutFilter@6335f04a, org.springframework.security.web.authentication.www.BasicAuthenticationFilter@42ecc554, org.springframework.security.web.savedrequest.RequestCacheAwareFilter@2c9cafa5, org.springframework.security.web.servletapi.SecurityContextHolderAwareRequestFilter@708dfe10, org.springframework.security.web.authentication.AnonymousAuthenticationFilter@24aedcc5, org.springframework.security.web.session.SessionManagementFilter@da34eb0, org.springframework.security.web.access.ExceptionTranslationFilter@ae3c140, org.springframework.security.web.access.intercept.FilterSecurityInterceptor@e521067]
2020-05-12 09:20:44,879 INFO org.springframework.scheduling.concurrent.ExecutorConfigurationSupport [main] Initializing ExecutorService 'applicationTaskExecutor'
2020-05-12 09:20:46,146 INFO org.apache.juli.logging.DirectJDKLog [main] Starting ProtocolHandler ["http-nio-8080"]
2020-05-12 09:20:46,223 INFO org.springframework.boot.web.embedded.tomcat.TomcatWebServer [main] Tomcat started on port(s): 8080 (http) with context path ''
2020-05-12 09:20:46,229 INFO org.springframework.boot.StartupInfoLogger [main] Started SchoolInfoApplication in 17.15 seconds (JVM running for 18.498)
2020-05-12 09:21:06,841 INFO org.apache.juli.logging.DirectJDKLog [http-nio-8080-exec-2] Initializing Spring DispatcherServlet 'dispatcherServlet'
2020-05-12 09:21:06,843 INFO org.springframework.web.servlet.FrameworkServlet [http-nio-8080-exec-2] Initializing Servlet 'dispatcherServlet'
2020-05-12 09:21:06,878 INFO org.springframework.web.servlet.FrameworkServlet [http-nio-8080-exec-2] Completed initialization in 33 ms
2020-05-12 09:21:08,191 TRACE com.district.schools.schoolController [http-nio-8080-exec-2] Get schools called
2020-05-12 09:21:08,757 TRACE com.district.schools.schoolService [http-nio-8080-exec-2] getAllSchools >> Fetching all schools
2020-05-12 09:21:08,965 TRACE com.district.schools.schoolService [http-nio-8080-exec-2] getAllSchools << 2schools fecthed
2020-05-12 09:29:05,075 INFO org.springframework.boot.StartupInfoLogger [main] Starting SchoolInfoApplication on LAPTOP-NOTJ1IF2 with PID 16796 (C:\Users\RASHMI\git\RestfulWebServices-SpringBootNew\SchoolInfo\target\classes started by RASHMI in C:\Users\RASHMI\git\RestfulWebServices-SpringBootNew\SchoolInfo)
2020-05-12 09:29:05,089 INFO org.springframework.boot.SpringApplication [main] No active profile set, falling back to default profiles: default
2020-05-12 09:29:09,498 INFO org.springframework.data.repository.config.RepositoryConfigurationDelegate [main] Bootstrapping Spring Data JPA repositories in DEFAULT mode.
2020-05-12 09:29:09,818 INFO org.springframework.data.repository.config.RepositoryConfigurationDelegate [main] Finished Spring Data repository scanning in 281ms. Found 4 JPA repository interfaces.
2020-05-12 09:29:13,837 INFO org.springframework.boot.web.embedded.tomcat.TomcatWebServer [main] Tomcat initialized with port(s): 8080 (http)
2020-05-12 09:29:13,869 INFO org.apache.juli.logging.DirectJDKLog [main] Initializing ProtocolHandler ["http-nio-8080"]
2020-05-12 09:29:13,871 INFO org.apache.juli.logging.DirectJDKLog [main] Starting service [Tomcat]
2020-05-12 09:29:13,872 INFO org.apache.juli.logging.DirectJDKLog [main] Starting Servlet engine: [Apache Tomcat/9.0.33]
2020-05-12 09:29:14,236 INFO org.apache.juli.logging.DirectJDKLog [main] Initializing Spring embedded WebApplicationContext
2020-05-12 09:29:14,238 INFO org.springframework.boot.web.servlet.context.ServletWebServerApplicationContext [main] Root WebApplicationContext: initialization completed in 8914 ms
2020-05-12 09:29:15,703 INFO org.hibernate.jpa.internal.util.LogHelper [main] HHH000204: Processing PersistenceUnitInfo [name: default]
2020-05-12 09:29:16,072 INFO org.hibernate.Version [main] HHH000412: Hibernate ORM core version 5.4.12.Final
2020-05-12 09:29:16,633 INFO org.hibernate.annotations.common.reflection.java.JavaReflectionManager [main] HCANN000001: Hibernate Commons Annotations {5.1.0.Final}
2020-05-12 09:29:17,029 INFO com.zaxxer.hikari.HikariDataSource [main] HikariPool-1 - Starting...
2020-05-12 09:29:17,508 INFO com.zaxxer.hikari.HikariDataSource [main] HikariPool-1 - Start completed.
2020-05-12 09:29:17,614 INFO org.hibernate.dialect.Dialect [main] HHH000400: Using dialect: org.hibernate.dialect.MySQL57Dialect
2020-05-12 09:29:20,309 INFO org.hibernate.engine.transaction.jta.platform.internal.JtaPlatformInitiator [main] HHH000490: Using JtaPlatform implementation: [org.hibernate.engine.transaction.jta.platform.internal.NoJtaPlatform]
2020-05-12 09:29:20,332 INFO org.springframework.orm.jpa.AbstractEntityManagerFactoryBean [main] Initialized JPA EntityManagerFactory for persistence unit 'default'
2020-05-12 09:29:22,033 WARN org.springframework.boot.autoconfigure.orm.jpa.JpaBaseConfiguration$JpaWebConfiguration [main] spring.jpa.open-in-view is enabled by default. Therefore, database queries may be performed during view rendering. Explicitly configure spring.jpa.open-in-view to disable this warning
2020-05-12 09:29:23,055 INFO org.springframework.security.web.DefaultSecurityFilterChain [main] Creating filter chain: any request, [org.springframework.security.web.context.request.async.WebAsyncManagerIntegrationFilter@2b35c7aa, org.springframework.security.web.context.SecurityContextPersistenceFilter@1109730f, org.springframework.security.web.header.HeaderWriterFilter@4751cd3, org.springframework.security.web.authentication.logout.LogoutFilter@5fde1d64, org.springframework.security.web.authentication.www.BasicAuthenticationFilter@48fc0211, org.springframework.security.web.savedrequest.RequestCacheAwareFilter@46c662f2, org.springframework.security.web.servletapi.SecurityContextHolderAwareRequestFilter@3f06ebe0, org.springframework.security.web.authentication.AnonymousAuthenticationFilter@6dd20ec9, org.springframework.security.web.session.SessionManagementFilter@4dd1548e, org.springframework.security.web.access.ExceptionTranslationFilter@249b54af, org.springframework.security.web.access.intercept.FilterSecurityInterceptor@6f106af8]
2020-05-12 09:29:23,553 INFO org.springframework.scheduling.concurrent.ExecutorConfigurationSupport [main] Initializing ExecutorService 'applicationTaskExecutor'
2020-05-12 09:29:24,317 INFO org.apache.juli.logging.DirectJDKLog [main] Starting ProtocolHandler ["http-nio-8080"]
2020-05-12 09:29:24,381 INFO org.springframework.boot.web.embedded.tomcat.TomcatWebServer [main] Tomcat started on port(s): 8080 (http) with context path ''
2020-05-12 09:29:24,386 INFO org.springframework.boot.StartupInfoLogger [main] Started SchoolInfoApplication in 21.407 seconds (JVM running for 22.732)
2020-05-12 09:29:31,192 INFO org.apache.juli.logging.DirectJDKLog [http-nio-8080-exec-2] Initializing Spring DispatcherServlet 'dispatcherServlet'
2020-05-12 09:29:31,194 INFO org.springframework.web.servlet.FrameworkServlet [http-nio-8080-exec-2] Initializing Servlet 'dispatcherServlet'
2020-05-12 09:29:31,218 INFO org.springframework.web.servlet.FrameworkServlet [http-nio-8080-exec-2] Completed initialization in 23 ms
2020-05-12 09:29:32,554 TRACE com.district.schools.schoolController [http-nio-8080-exec-2] Get schools called
2020-05-12 09:29:33,019 TRACE com.district.schools.schoolService [http-nio-8080-exec-2] getAllSchools >> Fetching all schools
2020-05-12 09:29:33,171 TRACE com.district.schools.schoolService [http-nio-8080-exec-2] getAllSchools << 2schools fecthed
2020-05-12 09:45:24,933 INFO org.springframework.boot.StartupInfoLogger [main] Starting SchoolInfoApplication on LAPTOP-NOTJ1IF2 with PID 15700 (C:\Users\RASHMI\git\RestfulWebServices-SpringBootNew\SchoolInfo\target\classes started by RASHMI in C:\Users\RASHMI\git\RestfulWebServices-SpringBootNew\SchoolInfo)
2020-05-12 09:45:24,949 INFO org.springframework.boot.SpringApplication [main] No active profile set, falling back to default profiles: default
2020-05-12 09:45:28,053 INFO org.springframework.data.repository.config.RepositoryConfigurationDelegate [main] Bootstrapping Spring Data JPA repositories in DEFAULT mode.
2020-05-12 09:45:28,318 INFO org.springframework.data.repository.config.RepositoryConfigurationDelegate [main] Finished Spring Data repository scanning in 231ms. Found 4 JPA repository interfaces.
2020-05-12 09:45:31,166 INFO org.springframework.boot.web.embedded.tomcat.TomcatWebServer [main] Tomcat initialized with port(s): 8080 (http)
2020-05-12 09:45:31,197 INFO org.apache.juli.logging.DirectJDKLog [main] Initializing ProtocolHandler ["http-nio-8080"]
2020-05-12 09:45:31,199 INFO org.apache.juli.logging.DirectJDKLog [main] Starting service [Tomcat]
2020-05-12 09:45:31,200 INFO org.apache.juli.logging.DirectJDKLog [main] Starting Servlet engine: [Apache Tomcat/9.0.33]
2020-05-12 09:45:31,629 INFO org.apache.juli.logging.DirectJDKLog [main] Initializing Spring embedded WebApplicationContext
2020-05-12 09:45:31,629 INFO org.springframework.boot.web.servlet.context.ServletWebServerApplicationContext [main] Root WebApplicationContext: initialization completed in 6434 ms
2020-05-12 09:45:32,422 INFO org.hibernate.jpa.internal.util.LogHelper [main] HHH000204: Processing PersistenceUnitInfo [name: default]
2020-05-12 09:45:32,683 INFO org.hibernate.Version [main] HHH000412: Hibernate ORM core version 5.4.12.Final
2020-05-12 09:45:33,128 INFO org.hibernate.annotations.common.reflection.java.JavaReflectionManager [main] HCANN000001: Hibernate Commons Annotations {5.1.0.Final}
2020-05-12 09:45:33,492 INFO com.zaxxer.hikari.HikariDataSource [main] HikariPool-1 - Starting...
2020-05-12 09:45:34,227 INFO com.zaxxer.hikari.HikariDataSource [main] HikariPool-1 - Start completed.
2020-05-12 09:45:34,484 INFO org.hibernate.dialect.Dialect [main] HHH000400: Using dialect: org.hibernate.dialect.MySQL57Dialect
2020-05-12 09:45:36,987 INFO org.hibernate.engine.transaction.jta.platform.internal.JtaPlatformInitiator [main] HHH000490: Using JtaPlatform implementation: [org.hibernate.engine.transaction.jta.platform.internal.NoJtaPlatform]
2020-05-12 09:45:37,013 INFO org.springframework.orm.jpa.AbstractEntityManagerFactoryBean [main] Initialized JPA EntityManagerFactory for persistence unit 'default'
2020-05-12 09:45:38,580 WARN org.springframework.boot.autoconfigure.orm.jpa.JpaBaseConfiguration$JpaWebConfiguration [main] spring.jpa.open-in-view is enabled by default. Therefore, database queries may be performed during view rendering. Explicitly configure spring.jpa.open-in-view to disable this warning
2020-05-12 09:45:39,381 INFO org.springframework.security.web.DefaultSecurityFilterChain [main] Creating filter chain: any request, [org.springframework.security.web.context.request.async.WebAsyncManagerIntegrationFilter@20dd5870, org.springframework.security.web.context.SecurityContextPersistenceFilter@46c662f2, org.springframework.security.web.header.HeaderWriterFilter@1aac0a47, org.springframework.security.web.authentication.logout.LogoutFilter@984de01, org.springframework.security.web.authentication.www.BasicAuthenticationFilter@7d088813, org.springframework.security.web.savedrequest.RequestCacheAwareFilter@10b67f54, org.springframework.security.web.servletapi.SecurityContextHolderAwareRequestFilter@5ed65e4b, org.springframework.security.web.authentication.AnonymousAuthenticationFilter@1640f20f, org.springframework.security.web.session.SessionManagementFilter@1109730f, org.springframework.security.web.access.ExceptionTranslationFilter@4751cd3, org.springframework.security.web.access.intercept.FilterSecurityInterceptor@52d9d817]
2020-05-12 09:45:39,865 INFO org.springframework.scheduling.concurrent.ExecutorConfigurationSupport [main] Initializing ExecutorService 'applicationTaskExecutor'
2020-05-12 09:45:40,735 INFO org.apache.juli.logging.DirectJDKLog [main] Starting ProtocolHandler ["http-nio-8080"]
2020-05-12 09:45:40,807 INFO org.springframework.boot.web.embedded.tomcat.TomcatWebServer [main] Tomcat started on port(s): 8080 (http) with context path ''
2020-05-12 09:45:40,812 INFO org.springframework.boot.StartupInfoLogger [main] Started SchoolInfoApplication in 17.637 seconds (JVM running for 19.137)
2020-05-12 09:45:59,790 INFO org.apache.juli.logging.DirectJDKLog [http-nio-8080-exec-2] Initializing Spring DispatcherServlet 'dispatcherServlet'
2020-05-12 09:45:59,792 INFO org.springframework.web.servlet.FrameworkServlet [http-nio-8080-exec-2] Initializing Servlet 'dispatcherServlet'
2020-05-12 09:45:59,825 INFO org.springframework.web.servlet.FrameworkServlet [http-nio-8080-exec-2] Completed initialization in 29 ms
2020-05-12 09:46:01,174 TRACE com.district.schools.schoolController [http-nio-8080-exec-2] Get schools called
2020-05-12 09:46:01,176 TRACE com.district.schools.schoolService [http-nio-8080-exec-2] getAllSchools >> Fetching all schools
2020-05-12 09:46:01,364 TRACE com.district.schools.schoolService [http-nio-8080-exec-2] getAllSchools << 2schools fecthed
2020-05-12 10:00:18,984 INFO org.springframework.boot.StartupInfoLogger [main] Starting SchoolInfoApplication on LAPTOP-NOTJ1IF2 with PID 6772 (C:\Users\RASHMI\git\RestfulWebServices-SpringBootNew\SchoolInfo\target\classes started by RASHMI in C:\Users\RASHMI\git\RestfulWebServices-SpringBootNew\SchoolInfo)
2020-05-12 10:00:18,995 INFO org.springframework.boot.SpringApplication [main] No active profile set, falling back to default profiles: default
2020-05-12 10:00:21,788 INFO org.springframework.data.repository.config.RepositoryConfigurationDelegate [main] Bootstrapping Spring Data JPA repositories in DEFAULT mode.
2020-05-12 10:00:22,110 INFO org.springframework.data.repository.config.RepositoryConfigurationDelegate [main] Finished Spring Data repository scanning in 285ms. Found 4 JPA repository interfaces.
2020-05-12 10:00:25,203 INFO org.springframework.boot.web.embedded.tomcat.TomcatWebServer [main] Tomcat initialized with port(s): 8080 (http)
2020-05-12 10:00:25,241 INFO org.apache.juli.logging.DirectJDKLog [main] Initializing ProtocolHandler ["http-nio-8080"]
2020-05-12 10:00:25,244 INFO org.apache.juli.logging.DirectJDKLog [main] Starting service [Tomcat]
2020-05-12 10:00:25,245 INFO org.apache.juli.logging.DirectJDKLog [main] Starting Servlet engine: [Apache Tomcat/9.0.33]
2020-05-12 10:00:25,690 INFO org.apache.juli.logging.DirectJDKLog [main] Initializing Spring embedded WebApplicationContext
2020-05-12 10:00:25,692 INFO org.springframework.boot.web.servlet.context.ServletWebServerApplicationContext [main] Root WebApplicationContext: initialization completed in 6519 ms
2020-05-12 10:00:26,834 INFO org.hibernate.jpa.internal.util.LogHelper [main] HHH000204: Processing PersistenceUnitInfo [name: default]
2020-05-12 10:00:27,157 INFO org.hibernate.Version [main] HHH000412: Hibernate ORM core version 5.4.12.Final
2020-05-12 10:00:27,591 INFO org.hibernate.annotations.common.reflection.java.JavaReflectionManager [main] HCANN000001: Hibernate Commons Annotations {5.1.0.Final}
2020-05-12 10:00:27,942 INFO com.zaxxer.hikari.HikariDataSource [main] HikariPool-1 - Starting...
2020-05-12 10:00:28,413 INFO com.zaxxer.hikari.HikariDataSource [main] HikariPool-1 - Start completed.
2020-05-12 10:00:28,490 INFO org.hibernate.dialect.Dialect [main] HHH000400: Using dialect: org.hibernate.dialect.MySQL57Dialect
2020-05-12 10:00:31,059 INFO org.hibernate.engine.transaction.jta.platform.internal.JtaPlatformInitiator [main] HHH000490: Using JtaPlatform implementation: [org.hibernate.engine.transaction.jta.platform.internal.NoJtaPlatform]
2020-05-12 10:00:31,080 INFO org.springframework.orm.jpa.AbstractEntityManagerFactoryBean [main] Initialized JPA EntityManagerFactory for persistence unit 'default'
2020-05-12 10:00:32,450 WARN org.springframework.boot.autoconfigure.orm.jpa.JpaBaseConfiguration$JpaWebConfiguration [main] spring.jpa.open-in-view is enabled by default. Therefore, database queries may be performed during view rendering. Explicitly configure spring.jpa.open-in-view to disable this warning
2020-05-12 10:00:33,402 INFO org.springframework.security.web.DefaultSecurityFilterChain [main] Creating filter chain: any request, [org.springframework.security.web.context.request.async.WebAsyncManagerIntegrationFilter@33215ffb, org.springframework.security.web.context.SecurityContextPersistenceFilter@7757a37f, org.springframework.security.web.header.HeaderWriterFilter@7b5833ee, org.springframework.security.web.authentication.logout.LogoutFilter@6ace919c, org.springframework.security.web.authentication.www.BasicAuthenticationFilter@182cc69e, org.springframework.security.web.savedrequest.RequestCacheAwareFilter@e521067, org.springframework.security.web.servletapi.SecurityContextHolderAwareRequestFilter@8851ec, org.springframework.security.web.authentication.AnonymousAuthenticationFilter@6f289728, org.springframework.security.web.session.SessionManagementFilter@984de01, org.springframework.security.web.access.ExceptionTranslationFilter@7848321e, org.springframework.security.web.access.intercept.FilterSecurityInterceptor@1cc708a7]
2020-05-12 10:00:34,049 INFO org.springframework.scheduling.concurrent.ExecutorConfigurationSupport [main] Initializing ExecutorService 'applicationTaskExecutor'
2020-05-12 10:00:35,029 INFO org.apache.juli.logging.DirectJDKLog [main] Starting ProtocolHandler ["http-nio-8080"]
2020-05-12 10:00:35,100 INFO org.springframework.boot.web.embedded.tomcat.TomcatWebServer [main] Tomcat started on port(s): 8080 (http) with context path ''
2020-05-12 10:00:35,104 INFO org.springframework.boot.StartupInfoLogger [main] Started SchoolInfoApplication in 17.734 seconds (JVM running for 19.025)
2020-05-12 10:00:47,498 INFO org.apache.juli.logging.DirectJDKLog [http-nio-8080-exec-3] Initializing Spring DispatcherServlet 'dispatcherServlet'
2020-05-12 10:00:47,500 INFO org.springframework.web.servlet.FrameworkServlet [http-nio-8080-exec-3] Initializing Servlet 'dispatcherServlet'
2020-05-12 10:00:47,537 INFO org.springframework.web.servlet.FrameworkServlet [http-nio-8080-exec-3] Completed initialization in 35 ms
2020-05-12 10:00:48,959 TRACE com.district.schools.schoolController [http-nio-8080-exec-3] Get schools called
2020-05-12 10:00:48,961 TRACE com.district.schools.schoolService [http-nio-8080-exec-3] getAllSchools >> Fetching all schools
2020-05-12 10:00:49,095 TRACE com.district.schools.schoolService [http-nio-8080-exec-3] getAllSchools << 2schools fecthed
2020-05-12 10:01:16,776 TRACE com.district.schools.schoolController [http-nio-8080-exec-4] Get students by school Id - 4 called
2020-05-12 10:01:16,777 TRACE com.district.students.StudentService [http-nio-8080-exec-4] getStudentsBySchId >> schoolId - 4
2020-05-12 10:01:17,089 TRACE com.district.students.StudentService [http-nio-8080-exec-4] getStudentsBySchId << 2 students fecthed
2020-05-12 10:01:54,202 TRACE com.district.schools.schoolController [http-nio-8080-exec-5] Get student by Id called
2020-05-12 10:01:54,204 TRACE com.district.students.StudentService [http-nio-8080-exec-5] getStudentById >> schoolId - 4studentId - 105
2020-05-12 10:01:54,228 TRACE com.district.students.StudentService [http-nio-8080-exec-5] getStudentById << student fetched 
2020-05-12 10:23:40,674 WARN com.zaxxer.hikari.pool.HikariPool$HouseKeeper [HikariPool-1 housekeeper] HikariPool-1 - Thread starvation or clock leap detected (housekeeper delta=6m12s153ms396µs100ns).
2020-05-12 10:26:51,259 INFO org.springframework.boot.StartupInfoLogger [main] Starting SchoolInfoApplication on LAPTOP-NOTJ1IF2 with PID 12200 (C:\Users\RASHMI\git\RestfulWebServices-SpringBootNew\SchoolInfo\target\classes started by RASHMI in C:\Users\RASHMI\git\RestfulWebServices-SpringBootNew\SchoolInfo)
2020-05-12 10:26:51,270 INFO org.springframework.boot.SpringApplication [main] No active profile set, falling back to default profiles: default
2020-05-12 10:26:53,955 INFO org.springframework.data.repository.config.RepositoryConfigurationDelegate [main] Bootstrapping Spring Data JPA repositories in DEFAULT mode.
2020-05-12 10:26:54,238 INFO org.springframework.data.repository.config.RepositoryConfigurationDelegate [main] Finished Spring Data repository scanning in 250ms. Found 4 JPA repository interfaces.
2020-05-12 10:26:56,828 INFO org.springframework.boot.web.embedded.tomcat.TomcatWebServer [main] Tomcat initialized with port(s): 8080 (http)
2020-05-12 10:26:56,856 INFO org.apache.juli.logging.DirectJDKLog [main] Initializing ProtocolHandler ["http-nio-8080"]
2020-05-12 10:26:56,859 INFO org.apache.juli.logging.DirectJDKLog [main] Starting service [Tomcat]
2020-05-12 10:26:56,859 INFO org.apache.juli.logging.DirectJDKLog [main] Starting Servlet engine: [Apache Tomcat/9.0.33]
2020-05-12 10:26:57,335 INFO org.apache.juli.logging.DirectJDKLog [main] Initializing Spring embedded WebApplicationContext
2020-05-12 10:26:57,336 INFO org.springframework.boot.web.servlet.context.ServletWebServerApplicationContext [main] Root WebApplicationContext: initialization completed in 5861 ms
2020-05-12 10:26:58,237 INFO org.hibernate.jpa.internal.util.LogHelper [main] HHH000204: Processing PersistenceUnitInfo [name: default]
2020-05-12 10:26:58,513 INFO org.hibernate.Version [main] HHH000412: Hibernate ORM core version 5.4.12.Final
2020-05-12 10:26:59,017 INFO org.hibernate.annotations.common.reflection.java.JavaReflectionManager [main] HCANN000001: Hibernate Commons Annotations {5.1.0.Final}
2020-05-12 10:26:59,363 INFO com.zaxxer.hikari.HikariDataSource [main] HikariPool-1 - Starting...
2020-05-12 10:26:59,859 INFO com.zaxxer.hikari.HikariDataSource [main] HikariPool-1 - Start completed.
2020-05-12 10:26:59,933 INFO org.hibernate.dialect.Dialect [main] HHH000400: Using dialect: org.hibernate.dialect.MySQL57Dialect
2020-05-12 10:27:02,295 INFO org.hibernate.engine.transaction.jta.platform.internal.JtaPlatformInitiator [main] HHH000490: Using JtaPlatform implementation: [org.hibernate.engine.transaction.jta.platform.internal.NoJtaPlatform]
2020-05-12 10:27:02,320 INFO org.springframework.orm.jpa.AbstractEntityManagerFactoryBean [main] Initialized JPA EntityManagerFactory for persistence unit 'default'
2020-05-12 10:27:03,586 WARN org.springframework.boot.autoconfigure.orm.jpa.JpaBaseConfiguration$JpaWebConfiguration [main] spring.jpa.open-in-view is enabled by default. Therefore, database queries may be performed during view rendering. Explicitly configure spring.jpa.open-in-view to disable this warning
2020-05-12 10:27:04,509 INFO org.springframework.security.web.DefaultSecurityFilterChain [main] Creating filter chain: any request, [org.springframework.security.web.context.request.async.WebAsyncManagerIntegrationFilter@7645e64, org.springframework.security.web.context.SecurityContextPersistenceFilter@25109608, org.springframework.security.web.header.HeaderWriterFilter@3bab95ca, org.springframework.security.web.authentication.logout.LogoutFilter@6723cce7, org.springframework.security.web.authentication.www.BasicAuthenticationFilter@17d2b646, org.springframework.security.web.savedrequest.RequestCacheAwareFilter@2913ca3e, org.springframework.security.web.servletapi.SecurityContextHolderAwareRequestFilter@4a04ca74, org.springframework.security.web.authentication.AnonymousAuthenticationFilter@7de6549d, org.springframework.security.web.session.SessionManagementFilter@7198ab9a, org.springframework.security.web.access.ExceptionTranslationFilter@2109a691, org.springframework.security.web.access.intercept.FilterSecurityInterceptor@3dbb3fb7]
2020-05-12 10:27:05,000 INFO org.springframework.scheduling.concurrent.ExecutorConfigurationSupport [main] Initializing ExecutorService 'applicationTaskExecutor'
2020-05-12 10:27:05,990 INFO org.apache.juli.logging.DirectJDKLog [main] Starting ProtocolHandler ["http-nio-8080"]
2020-05-12 10:27:06,064 INFO org.springframework.boot.web.embedded.tomcat.TomcatWebServer [main] Tomcat started on port(s): 8080 (http) with context path ''
2020-05-12 10:27:06,069 INFO org.springframework.boot.StartupInfoLogger [main] Started SchoolInfoApplication in 16.486 seconds (JVM running for 17.876)
2020-05-12 10:27:31,492 INFO org.apache.juli.logging.DirectJDKLog [http-nio-8080-exec-2] Initializing Spring DispatcherServlet 'dispatcherServlet'
2020-05-12 10:27:31,493 INFO org.springframework.web.servlet.FrameworkServlet [http-nio-8080-exec-2] Initializing Servlet 'dispatcherServlet'
2020-05-12 10:27:31,521 INFO org.springframework.web.servlet.FrameworkServlet [http-nio-8080-exec-2] Completed initialization in 27 ms
2020-05-12 10:27:32,843 TRACE com.district.schools.schoolController [http-nio-8080-exec-2] Get student by Id called
2020-05-12 10:27:32,845 TRACE com.district.students.StudentService [http-nio-8080-exec-2] getStudentById >> schoolId - 4studentId - 105
2020-05-12 10:27:32,949 TRACE com.district.students.StudentService [http-nio-8080-exec-2] getStudentById << student fetched 
2020-05-12 10:27:33,606 TRACE com.district.students.StudentService [http-nio-8080-exec-2] getStudentById >> schoolId - 4studentId - 105
2020-05-12 10:27:33,611 TRACE com.district.students.StudentService [http-nio-8080-exec-2] getStudentById << student fetched 
2020-05-12 11:23:20,694 WARN com.zaxxer.hikari.pool.HikariPool$HouseKeeper [HikariPool-1 housekeeper] HikariPool-1 - Thread starvation or clock leap detected (housekeeper delta=45m50s744ms234µs600ns).
2020-05-12 11:43:50,057 WARN com.zaxxer.hikari.pool.HikariPool$HouseKeeper [HikariPool-1 housekeeper] HikariPool-1 - Thread starvation or clock leap detected (housekeeper delta=1m59s327ms899µs700ns).
2020-05-12 11:46:01,871 TRACE com.district.schools.schoolController [http-nio-8080-exec-4] Get schools called
2020-05-12 11:46:01,873 TRACE com.district.schools.schoolService [http-nio-8080-exec-4] getAllSchools >> Fetching all schools
2020-05-12 11:46:01,966 TRACE com.district.schools.schoolService [http-nio-8080-exec-4] getAllSchools << 2schools fecthed
2020-05-12 11:46:18,501 TRACE com.district.schools.schoolController [http-nio-8080-exec-8] Get school by Id called
2020-05-12 11:46:18,502 TRACE com.district.schools.schoolService [http-nio-8080-exec-8] getSchoolById >> schoolId - 2
2020-05-12 11:46:18,527 TRACE com.district.schools.schoolService [http-nio-8080-exec-8] getSchoolById << schl fecthed Scottish Elementary
2020-05-12 12:37:58,800 INFO org.springframework.boot.StartupInfoLogger [main] Starting SchoolInfoApplicationTests on LAPTOP-NOTJ1IF2 with PID 16696 (started by RASHMI in C:\Users\RASHMI\git\RestfulWebServices-SpringBootNew\SchoolInfo)
2020-05-12 12:37:58,810 INFO org.springframework.boot.SpringApplication [main] No active profile set, falling back to default profiles: default
2020-05-12 12:38:01,475 INFO org.springframework.data.repository.config.RepositoryConfigurationDelegate [main] Bootstrapping Spring Data JPA repositories in DEFAULT mode.
2020-05-12 12:38:01,726 INFO org.springframework.data.repository.config.RepositoryConfigurationDelegate [main] Finished Spring Data repository scanning in 223ms. Found 4 JPA repository interfaces.
2020-05-12 12:38:04,300 INFO org.hibernate.jpa.internal.util.LogHelper [main] HHH000204: Processing PersistenceUnitInfo [name: default]
2020-05-12 12:38:04,675 INFO org.hibernate.Version [main] HHH000412: Hibernate ORM core version 5.4.12.Final
2020-05-12 12:38:05,367 INFO org.hibernate.annotations.common.reflection.java.JavaReflectionManager [main] HCANN000001: Hibernate Commons Annotations {5.1.0.Final}
2020-05-12 12:38:07,610 INFO com.zaxxer.hikari.HikariDataSource [main] HikariPool-1 - Starting...
2020-05-12 12:38:08,294 INFO com.zaxxer.hikari.HikariDataSource [main] HikariPool-1 - Start completed.
2020-05-12 12:38:08,438 INFO org.hibernate.dialect.Dialect [main] HHH000400: Using dialect: org.hibernate.dialect.MySQL57Dialect
2020-05-12 12:38:11,513 INFO org.hibernate.engine.transaction.jta.platform.internal.JtaPlatformInitiator [main] HHH000490: Using JtaPlatform implementation: [org.hibernate.engine.transaction.jta.platform.internal.NoJtaPlatform]
2020-05-12 12:38:11,534 INFO org.springframework.orm.jpa.AbstractEntityManagerFactoryBean [main] Initialized JPA EntityManagerFactory for persistence unit 'default'
2020-05-12 12:38:12,819 WARN org.springframework.boot.autoconfigure.orm.jpa.JpaBaseConfiguration$JpaWebConfiguration [main] spring.jpa.open-in-view is enabled by default. Therefore, database queries may be performed during view rendering. Explicitly configure spring.jpa.open-in-view to disable this warning
2020-05-12 12:38:14,147 INFO org.springframework.security.web.DefaultSecurityFilterChain [main] Creating filter chain: any request, [org.springframework.security.web.context.request.async.WebAsyncManagerIntegrationFilter@15cee630, org.springframework.security.web.context.SecurityContextPersistenceFilter@16e07bae, org.springframework.security.web.header.HeaderWriterFilter@43ab9ae9, org.springframework.security.web.authentication.logout.LogoutFilter@5a90fcaa, org.springframework.security.web.authentication.www.BasicAuthenticationFilter@64c95480, org.springframework.security.web.savedrequest.RequestCacheAwareFilter@3386ed8, org.springframework.security.web.servletapi.SecurityContextHolderAwareRequestFilter@6d3ad37a, org.springframework.security.web.authentication.AnonymousAuthenticationFilter@2e40fdbd, org.springframework.security.web.session.SessionManagementFilter@6f240187, org.springframework.security.web.access.ExceptionTranslationFilter@581918f6, org.springframework.security.web.access.intercept.FilterSecurityInterceptor@7b3feb26]
2020-05-12 12:38:16,082 INFO org.springframework.scheduling.concurrent.ExecutorConfigurationSupport [main] Initializing ExecutorService 'applicationTaskExecutor'
2020-05-12 12:38:17,441 INFO org.springframework.boot.StartupInfoLogger [main] Started SchoolInfoApplicationTests in 20.355 seconds (JVM running for 23.886)
2020-05-12 12:38:18,197 INFO org.springframework.scheduling.concurrent.ExecutorConfigurationSupport [SpringContextShutdownHook] Shutting down ExecutorService 'applicationTaskExecutor'
2020-05-12 12:38:18,205 INFO org.springframework.orm.jpa.AbstractEntityManagerFactoryBean [SpringContextShutdownHook] Closing JPA EntityManagerFactory for persistence unit 'default'
2020-05-12 12:38:18,214 INFO com.zaxxer.hikari.HikariDataSource [SpringContextShutdownHook] HikariPool-1 - Shutdown initiated...
2020-05-12 12:38:18,268 INFO com.zaxxer.hikari.HikariDataSource [SpringContextShutdownHook] HikariPool-1 - Shutdown completed.
2020-05-12 15:02:27,641 WARN com.zaxxer.hikari.pool.HikariPool$HouseKeeper [HikariPool-1 housekeeper] HikariPool-1 - Thread starvation or clock leap detected (housekeeper delta=39m6s68ms901µs899ns).
2020-05-12 15:03:12,277 WARN com.zaxxer.hikari.pool.HikariPool$HouseKeeper [HikariPool-1 housekeeper] HikariPool-1 - Thread starvation or clock leap detected (housekeeper delta=45s534ms810µs200ns).
2020-05-12 16:46:54,242 WARN com.zaxxer.hikari.pool.HikariPool$HouseKeeper [HikariPool-1 housekeeper] HikariPool-1 - Thread starvation or clock leap detected (housekeeper delta=44m11s714ms992µs700ns).
2020-05-12 20:02:23,097 WARN com.zaxxer.hikari.pool.HikariPool$HouseKeeper [HikariPool-1 housekeeper] HikariPool-1 - Thread starvation or clock leap detected (housekeeper delta=3h28s784ms883µs900ns).
